{"/home/jose/Documentos/HTML, CSS e JavaScript/Teste de Software/Teste de Mutação/src/calculaTaxaDesconto.js": {"path":"/home/jose/Documentos/HTML, CSS e JavaScript/Teste de Software/Teste de Mutação/src/calculaTaxaDesconto.js","statementMap":{"0":{"start":{"line":1,"column":28},"end":{"line":8,"column":1}},"1":{"start":{"line":2,"column":13},"end":{"line":2,"column":14}},"2":{"start":{"line":3,"column":2},"end":{"line":5,"column":67}},"3":{"start":{"line":3,"column":52},"end":{"line":3,"column":61}},"4":{"start":{"line":4,"column":7},"end":{"line":5,"column":67}},"5":{"start":{"line":4,"column":58},"end":{"line":4,"column":67}},"6":{"start":{"line":5,"column":7},"end":{"line":5,"column":67}},"7":{"start":{"line":5,"column":59},"end":{"line":5,"column":67}},"8":{"start":{"line":7,"column":2},"end":{"line":7,"column":13}},"9":{"start":{"line":10,"column":0},"end":{"line":10,"column":36}}},"fnMap":{"0":{"name":"(anonymous_0)","decl":{"start":{"line":1,"column":28},"end":{"line":1,"column":29}},"loc":{"start":{"line":1,"column":58},"end":{"line":8,"column":1}},"line":1}},"branchMap":{"0":{"loc":{"start":{"line":3,"column":2},"end":{"line":5,"column":67}},"type":"if","locations":[{"start":{"line":3,"column":2},"end":{"line":5,"column":67}},{"start":{"line":4,"column":7},"end":{"line":5,"column":67}}],"line":3},"1":{"loc":{"start":{"line":3,"column":6},"end":{"line":3,"column":50}},"type":"binary-expr","locations":[{"start":{"line":3,"column":6},"end":{"line":3,"column":24}},{"start":{"line":3,"column":28},"end":{"line":3,"column":50}}],"line":3},"2":{"loc":{"start":{"line":4,"column":7},"end":{"line":5,"column":67}},"type":"if","locations":[{"start":{"line":4,"column":7},"end":{"line":5,"column":67}},{"start":{"line":5,"column":7},"end":{"line":5,"column":67}}],"line":4},"3":{"loc":{"start":{"line":4,"column":11},"end":{"line":4,"column":56}},"type":"binary-expr","locations":[{"start":{"line":4,"column":11},"end":{"line":4,"column":34}},{"start":{"line":4,"column":38},"end":{"line":4,"column":56}}],"line":4},"4":{"loc":{"start":{"line":5,"column":7},"end":{"line":5,"column":67}},"type":"if","locations":[{"start":{"line":5,"column":7},"end":{"line":5,"column":67}},{"start":{},"end":{}}],"line":5},"5":{"loc":{"start":{"line":5,"column":11},"end":{"line":5,"column":57}},"type":"binary-expr","locations":[{"start":{"line":5,"column":11},"end":{"line":5,"column":29}},{"start":{"line":5,"column":33},"end":{"line":5,"column":57}}],"line":5}},"s":{"0":1,"1":16,"2":16,"3":7,"4":9,"5":5,"6":4,"7":3,"8":9,"9":1},"f":{"0":16},"b":{"0":[7,9],"1":[16,12],"2":[5,4],"3":[9,6],"4":[3,1],"5":[4,2]},"_coverageSchema":"1a1c01bbd47fc00a2c39e90264f33305004495a9","hash":"5fbcb31586c150209308618a7455c22fce4c9504"}
,"/home/jose/Documentos/HTML, CSS e JavaScript/Teste de Software/Teste de Mutação/src/validarIdentificador.js": {"path":"/home/jose/Documentos/HTML, CSS e JavaScript/Teste de Software/Teste de Mutação/src/validarIdentificador.js","statementMap":{"0":{"start":{"line":1,"column":17},"end":{"line":1,"column":55}},"1":{"start":{"line":1,"column":27},"end":{"line":1,"column":55}},"2":{"start":{"line":2,"column":16},"end":{"line":2,"column":48}},"3":{"start":{"line":2,"column":26},"end":{"line":2,"column":48}},"4":{"start":{"line":4,"column":29},"end":{"line":15,"column":1}},"5":{"start":{"line":5,"column":2},"end":{"line":5,"column":31}},"6":{"start":{"line":5,"column":19},"end":{"line":5,"column":31}},"7":{"start":{"line":6,"column":2},"end":{"line":6,"column":50}},"8":{"start":{"line":6,"column":38},"end":{"line":6,"column":50}},"9":{"start":{"line":7,"column":2},"end":{"line":7,"column":43}},"10":{"start":{"line":7,"column":31},"end":{"line":7,"column":43}},"11":{"start":{"line":9,"column":2},"end":{"line":12,"column":3}},"12":{"start":{"line":9,"column":15},"end":{"line":9,"column":16}},"13":{"start":{"line":10,"column":17},"end":{"line":10,"column":29}},"14":{"start":{"line":11,"column":4},"end":{"line":11,"column":55}},"15":{"start":{"line":11,"column":43},"end":{"line":11,"column":55}},"16":{"start":{"line":14,"column":2},"end":{"line":14,"column":13}},"17":{"start":{"line":17,"column":0},"end":{"line":17,"column":37}}},"fnMap":{"0":{"name":"(anonymous_0)","decl":{"start":{"line":1,"column":17},"end":{"line":1,"column":18}},"loc":{"start":{"line":1,"column":27},"end":{"line":1,"column":55}},"line":1},"1":{"name":"(anonymous_1)","decl":{"start":{"line":2,"column":16},"end":{"line":2,"column":17}},"loc":{"start":{"line":2,"column":26},"end":{"line":2,"column":48}},"line":2},"2":{"name":"(anonymous_2)","decl":{"start":{"line":4,"column":29},"end":{"line":4,"column":30}},"loc":{"start":{"line":4,"column":37},"end":{"line":15,"column":1}},"line":4}},"branchMap":{"0":{"loc":{"start":{"line":5,"column":2},"end":{"line":5,"column":31}},"type":"if","locations":[{"start":{"line":5,"column":2},"end":{"line":5,"column":31}},{"start":{},"end":{}}],"line":5},"1":{"loc":{"start":{"line":6,"column":2},"end":{"line":6,"column":50}},"type":"if","locations":[{"start":{"line":6,"column":2},"end":{"line":6,"column":50}},{"start":{},"end":{}}],"line":6},"2":{"loc":{"start":{"line":6,"column":6},"end":{"line":6,"column":36}},"type":"binary-expr","locations":[{"start":{"line":6,"column":6},"end":{"line":6,"column":19}},{"start":{"line":6,"column":23},"end":{"line":6,"column":36}}],"line":6},"3":{"loc":{"start":{"line":7,"column":2},"end":{"line":7,"column":43}},"type":"if","locations":[{"start":{"line":7,"column":2},"end":{"line":7,"column":43}},{"start":{},"end":{}}],"line":7},"4":{"loc":{"start":{"line":11,"column":4},"end":{"line":11,"column":55}},"type":"if","locations":[{"start":{"line":11,"column":4},"end":{"line":11,"column":55}},{"start":{},"end":{}}],"line":11},"5":{"loc":{"start":{"line":11,"column":8},"end":{"line":11,"column":41}},"type":"binary-expr","locations":[{"start":{"line":11,"column":8},"end":{"line":11,"column":23}},{"start":{"line":11,"column":27},"end":{"line":11,"column":41}}],"line":11}},"s":{"0":1,"1":12,"2":1,"3":2,"4":1,"5":8,"6":1,"7":7,"8":2,"9":5,"10":1,"11":4,"12":4,"13":7,"14":7,"15":1,"16":3,"17":1},"f":{"0":12,"1":2,"2":8},"b":{"0":[1,7],"1":[2,5],"2":[7,6],"3":[1,4],"4":[1,6],"5":[7,2]},"_coverageSchema":"1a1c01bbd47fc00a2c39e90264f33305004495a9","hash":"712bddfb81f9446eb9a1b90c1cf0d54dadd77e6e"}
}
