{"/home/jose/Documentos/HTML, CSS e JavaScript/Teste de Software/Teste de Mutação/src/calculaTaxaDesconto.js": {"path":"/home/jose/Documentos/HTML, CSS e JavaScript/Teste de Software/Teste de Mutação/src/calculaTaxaDesconto.js","statementMap":{"0":{"start":{"line":1,"column":28},"end":{"line":8,"column":1}},"1":{"start":{"line":2,"column":13},"end":{"line":2,"column":14}},"2":{"start":{"line":3,"column":2},"end":{"line":5,"column":67}},"3":{"start":{"line":3,"column":52},"end":{"line":3,"column":61}},"4":{"start":{"line":4,"column":7},"end":{"line":5,"column":67}},"5":{"start":{"line":4,"column":58},"end":{"line":4,"column":67}},"6":{"start":{"line":5,"column":7},"end":{"line":5,"column":67}},"7":{"start":{"line":5,"column":59},"end":{"line":5,"column":67}},"8":{"start":{"line":7,"column":2},"end":{"line":7,"column":13}},"9":{"start":{"line":10,"column":0},"end":{"line":10,"column":36}}},"fnMap":{"0":{"name":"(anonymous_0)","decl":{"start":{"line":1,"column":28},"end":{"line":1,"column":29}},"loc":{"start":{"line":1,"column":58},"end":{"line":8,"column":1}},"line":1}},"branchMap":{"0":{"loc":{"start":{"line":3,"column":2},"end":{"line":5,"column":67}},"type":"if","locations":[{"start":{"line":3,"column":2},"end":{"line":5,"column":67}},{"start":{"line":4,"column":7},"end":{"line":5,"column":67}}],"line":3},"1":{"loc":{"start":{"line":3,"column":6},"end":{"line":3,"column":50}},"type":"binary-expr","locations":[{"start":{"line":3,"column":6},"end":{"line":3,"column":24}},{"start":{"line":3,"column":28},"end":{"line":3,"column":50}}],"line":3},"2":{"loc":{"start":{"line":4,"column":7},"end":{"line":5,"column":67}},"type":"if","locations":[{"start":{"line":4,"column":7},"end":{"line":5,"column":67}},{"start":{"line":5,"column":7},"end":{"line":5,"column":67}}],"line":4},"3":{"loc":{"start":{"line":4,"column":11},"end":{"line":4,"column":56}},"type":"binary-expr","locations":[{"start":{"line":4,"column":11},"end":{"line":4,"column":34}},{"start":{"line":4,"column":38},"end":{"line":4,"column":56}}],"line":4},"4":{"loc":{"start":{"line":5,"column":7},"end":{"line":5,"column":67}},"type":"if","locations":[{"start":{"line":5,"column":7},"end":{"line":5,"column":67}},{"start":{},"end":{}}],"line":5},"5":{"loc":{"start":{"line":5,"column":11},"end":{"line":5,"column":57}},"type":"binary-expr","locations":[{"start":{"line":5,"column":11},"end":{"line":5,"column":29}},{"start":{"line":5,"column":33},"end":{"line":5,"column":57}}],"line":5}},"s":{"0":1,"1":52,"2":52,"3":22,"4":30,"5":18,"6":12,"7":10,"8":30,"9":1},"f":{"0":52},"b":{"0":[22,30],"1":[52,40],"2":[18,12],"3":[30,20],"4":[10,2],"5":[12,4]},"_coverageSchema":"1a1c01bbd47fc00a2c39e90264f33305004495a9","hash":"5fbcb31586c150209308618a7455c22fce4c9504"}
,"/home/jose/Documentos/HTML, CSS e JavaScript/Teste de Software/Teste de Mutação/src/checkDigitLetter.js": {"path":"/home/jose/Documentos/HTML, CSS e JavaScript/Teste de Software/Teste de Mutação/src/checkDigitLetter.js","statementMap":{"0":{"start":{"line":1,"column":17},"end":{"line":1,"column":55}},"1":{"start":{"line":1,"column":27},"end":{"line":1,"column":55}},"2":{"start":{"line":2,"column":16},"end":{"line":2,"column":48}},"3":{"start":{"line":2,"column":26},"end":{"line":2,"column":48}},"4":{"start":{"line":4,"column":0},"end":{"line":7,"column":1}}},"fnMap":{"0":{"name":"(anonymous_0)","decl":{"start":{"line":1,"column":17},"end":{"line":1,"column":18}},"loc":{"start":{"line":1,"column":27},"end":{"line":1,"column":55}},"line":1},"1":{"name":"(anonymous_1)","decl":{"start":{"line":2,"column":16},"end":{"line":2,"column":17}},"loc":{"start":{"line":2,"column":26},"end":{"line":2,"column":48}},"line":2}},"branchMap":{},"s":{"0":1,"1":26,"2":1,"3":7,"4":1},"f":{"0":26,"1":7},"b":{},"_coverageSchema":"1a1c01bbd47fc00a2c39e90264f33305004495a9","hash":"86a2e681882ad917bad5527b3c229d528f8d4958"}
,"/home/jose/Documentos/HTML, CSS e JavaScript/Teste de Software/Teste de Mutação/src/validarIdentificador.js": {"path":"/home/jose/Documentos/HTML, CSS e JavaScript/Teste de Software/Teste de Mutação/src/validarIdentificador.js","statementMap":{"0":{"start":{"line":1,"column":30},"end":{"line":1,"column":59}},"1":{"start":{"line":3,"column":29},"end":{"line":14,"column":1}},"2":{"start":{"line":4,"column":2},"end":{"line":4,"column":31}},"3":{"start":{"line":4,"column":19},"end":{"line":4,"column":31}},"4":{"start":{"line":5,"column":2},"end":{"line":5,"column":50}},"5":{"start":{"line":5,"column":38},"end":{"line":5,"column":50}},"6":{"start":{"line":6,"column":2},"end":{"line":6,"column":43}},"7":{"start":{"line":6,"column":31},"end":{"line":6,"column":43}},"8":{"start":{"line":8,"column":2},"end":{"line":11,"column":3}},"9":{"start":{"line":8,"column":15},"end":{"line":8,"column":16}},"10":{"start":{"line":9,"column":17},"end":{"line":9,"column":29}},"11":{"start":{"line":10,"column":4},"end":{"line":10,"column":55}},"12":{"start":{"line":10,"column":43},"end":{"line":10,"column":55}},"13":{"start":{"line":13,"column":2},"end":{"line":13,"column":13}},"14":{"start":{"line":16,"column":0},"end":{"line":16,"column":37}}},"fnMap":{"0":{"name":"(anonymous_0)","decl":{"start":{"line":3,"column":29},"end":{"line":3,"column":30}},"loc":{"start":{"line":3,"column":37},"end":{"line":14,"column":1}},"line":3}},"branchMap":{"0":{"loc":{"start":{"line":4,"column":2},"end":{"line":4,"column":31}},"type":"if","locations":[{"start":{"line":4,"column":2},"end":{"line":4,"column":31}},{"start":{},"end":{}}],"line":4},"1":{"loc":{"start":{"line":5,"column":2},"end":{"line":5,"column":50}},"type":"if","locations":[{"start":{"line":5,"column":2},"end":{"line":5,"column":50}},{"start":{},"end":{}}],"line":5},"2":{"loc":{"start":{"line":5,"column":6},"end":{"line":5,"column":36}},"type":"binary-expr","locations":[{"start":{"line":5,"column":6},"end":{"line":5,"column":19}},{"start":{"line":5,"column":23},"end":{"line":5,"column":36}}],"line":5},"3":{"loc":{"start":{"line":6,"column":2},"end":{"line":6,"column":43}},"type":"if","locations":[{"start":{"line":6,"column":2},"end":{"line":6,"column":43}},{"start":{},"end":{}}],"line":6},"4":{"loc":{"start":{"line":10,"column":4},"end":{"line":10,"column":55}},"type":"if","locations":[{"start":{"line":10,"column":4},"end":{"line":10,"column":55}},{"start":{},"end":{}}],"line":10},"5":{"loc":{"start":{"line":10,"column":8},"end":{"line":10,"column":41}},"type":"binary-expr","locations":[{"start":{"line":10,"column":8},"end":{"line":10,"column":23}},{"start":{"line":10,"column":27},"end":{"line":10,"column":41}}],"line":10}},"s":{"0":1,"1":1,"2":13,"3":1,"4":12,"5":3,"6":9,"7":1,"8":8,"9":8,"10":17,"11":17,"12":1,"13":7,"14":1},"f":{"0":13},"b":{"0":[1,12],"1":[3,9],"2":[12,11],"3":[1,8],"4":[1,16],"5":[17,7]},"_coverageSchema":"1a1c01bbd47fc00a2c39e90264f33305004495a9","hash":"5463924303be88971bf79737f9ad66b6676dcca8"}
}
