TN:
SF:src/calculaTaxaDesconto.js
FN:1,(anonymous_0)
FNF:1
FNH:1
FNDA:16,(anonymous_0)
DA:1,1
DA:2,16
DA:3,16
DA:4,9
DA:5,4
DA:7,9
DA:10,1
LF:7
LH:7
BRDA:3,0,0,7
BRDA:3,0,1,9
BRDA:3,1,0,16
BRDA:3,1,1,12
BRDA:4,2,0,5
BRDA:4,2,1,4
BRDA:4,3,0,9
BRDA:4,3,1,6
BRDA:5,4,0,3
BRDA:5,4,1,1
BRDA:5,5,0,4
BRDA:5,5,1,2
BRF:12
BRH:12
end_of_record
TN:
SF:src/validarIdentificador.js
FN:1,(anonymous_0)
FN:2,(anonymous_1)
FN:4,(anonymous_2)
FNF:3
FNH:3
FNDA:12,(anonymous_0)
FNDA:2,(anonymous_1)
FNDA:8,(anonymous_2)
DA:1,12
DA:2,2
DA:4,1
DA:5,8
DA:6,7
DA:7,5
DA:9,4
DA:10,7
DA:11,7
DA:14,3
DA:17,1
LF:11
LH:11
BRDA:5,0,0,1
BRDA:5,0,1,7
BRDA:6,1,0,2
BRDA:6,1,1,5
BRDA:6,2,0,7
BRDA:6,2,1,6
BRDA:7,3,0,1
BRDA:7,3,1,4
BRDA:11,4,0,1
BRDA:11,4,1,6
BRDA:11,5,0,7
BRDA:11,5,1,2
BRF:12
BRH:12
end_of_record
