TN:
SF:src/calculaTaxaDesconto.js
FN:1,(anonymous_0)
FNF:1
FNH:1
FNDA:16,(anonymous_0)
DA:1,1
DA:2,16
DA:3,16
DA:4,9
DA:5,4
DA:7,9
DA:10,1
LF:7
LH:7
BRDA:3,0,0,7
BRDA:3,0,1,9
BRDA:3,1,0,16
BRDA:3,1,1,12
BRDA:4,2,0,5
BRDA:4,2,1,4
BRDA:4,3,0,9
BRDA:4,3,1,6
BRDA:5,4,0,3
BRDA:5,4,1,1
BRDA:5,5,0,4
BRDA:5,5,1,2
BRF:12
BRH:12
end_of_record
TN:
SF:src/checkDigitLetter.js
FN:1,(anonymous_0)
FN:2,(anonymous_1)
FNF:2
FNH:2
FNDA:12,(anonymous_0)
FNDA:2,(anonymous_1)
DA:1,12
DA:2,2
DA:4,1
LF:3
LH:3
BRF:0
BRH:0
end_of_record
TN:
SF:src/validarIdentificador.js
FN:3,(anonymous_0)
FNF:1
FNH:1
FNDA:8,(anonymous_0)
DA:1,1
DA:3,1
DA:4,8
DA:5,7
DA:6,5
DA:8,4
DA:9,7
DA:10,7
DA:13,3
DA:16,1
LF:10
LH:10
BRDA:4,0,0,1
BRDA:4,0,1,7
BRDA:5,1,0,2
BRDA:5,1,1,5
BRDA:5,2,0,7
BRDA:5,2,1,6
BRDA:6,3,0,1
BRDA:6,3,1,4
BRDA:10,4,0,1
BRDA:10,4,1,6
BRDA:10,5,0,7
BRDA:10,5,1,2
BRF:12
BRH:12
end_of_record
